\BOOKMARK [1][-]{section.1}{Introduction}{}% 1
\BOOKMARK [1][-]{section.2}{Bayesian inference}{}% 2
\BOOKMARK [1][-]{section.3}{Priors}{}% 3
\BOOKMARK [1][-]{section.4}{Markov chain Monte Carlo \(MCMC\) in ADMB}{}% 4
\BOOKMARK [2][-]{subsection.4.1}{Workflow}{section.4}% 5
\BOOKMARK [2][-]{subsection.4.2}{MCMC Phases}{section.4}% 6
\BOOKMARK [2][-]{subsection.4.3}{Output files}{section.4}% 7
\BOOKMARK [3][-]{subsubsection.4.3.1}{Meta data: The hst file}{subsection.4.3}% 8
\BOOKMARK [3][-]{subsubsection.4.3.2}{Parameter draws: The psv file}{subsection.4.3}% 9
\BOOKMARK [3][-]{subsubsection.4.3.3}{Derived quantity draws}{subsection.4.3}% 10
\BOOKMARK [2][-]{subsection.4.4}{Restarting a chain}{section.4}% 11
\BOOKMARK [2][-]{subsection.4.5}{Convergence diagnostics}{section.4}% 12
\BOOKMARK [2][-]{subsection.4.6}{Starting values}{section.4}% 13
\BOOKMARK [1][-]{section.5}{Metropolis-Hastings MCMC}{}% 14
\BOOKMARK [2][-]{subsection.5.1}{Algorithm}{section.5}% 15
\BOOKMARK [2][-]{subsection.5.2}{MCMC Arguments}{section.5}% 16
\BOOKMARK [2][-]{subsection.5.3}{Console output}{section.5}% 17
\BOOKMARK [2][-]{subsection.5.4}{Example MCMC}{section.5}% 18
\BOOKMARK [2][-]{subsection.5.5}{Tuning the MH algorithm}{section.5}% 19
\BOOKMARK [3][-]{subsubsection.5.5.1}{Thinning rate}{subsection.5.5}% 20
\BOOKMARK [3][-]{subsubsection.5.5.2}{Opitmize the acceptance rate}{subsection.5.5}% 21
\BOOKMARK [3][-]{subsubsection.5.5.3}{mcprobe}{subsection.5.5}% 22
\BOOKMARK [3][-]{subsubsection.5.5.4}{mcrb}{subsection.5.5}% 23
\BOOKMARK [3][-]{subsubsection.5.5.5}{User-supplied covariance matrix}{subsection.5.5}% 24
\BOOKMARK [1][-]{section.6}{Hyrbid MCMC}{}% 25
\BOOKMARK [2][-]{subsection.6.1}{Algorithm}{section.6}% 26
\BOOKMARK [2][-]{subsection.6.2}{Arguments}{section.6}% 27
\BOOKMARK [2][-]{subsection.6.3}{Tuning the hybrid algorithm}{section.6}% 28
\BOOKMARK [1][-]{section.7}{An example with non-linear posterior}{}% 29
